<?xml version="1.0" encoding="UTF-8"?>
<!-- Generated by org.testng.reporters.JUnitXMLReporter -->
<testsuite ignored="0" hostname="HYDHTC389187L" failures="0" tests="14" name="Default test" time="191.792" errors="0" timestamp="2024-01-30T10:02:13 IST">
  <testcase classname="webdriveruniversity.comTest.WebdriveruniversityTestCases" name="test1" time="4.924"/>
  <testcase classname="webdriveruniversity.comTest.WebdriveruniversityTestCases" name="test2" time="10.603"/>
  <testcase classname="webdriveruniversity.comTest.WebdriveruniversityTestCases" name="test3" time="11.378"/>
  <testcase classname="webdriveruniversity.comTest.WebdriveruniversityTestCases" name="test4" time="8.697"/>
  <testcase classname="webdriveruniversity.comTest.WebdriveruniversityTestCases" name="test5" time="7.954"/>
  <testcase classname="webdriveruniversity.comTest.WebdriveruniversityTestCases" name="test6" time="10.539"/>
  <testcase classname="webdriveruniversity.comTest.WebdriveruniversityTestCases" name="test7" time="10.295"/>
  <testcase classname="webdriveruniversity.comTest.WebdriveruniversityTestCases" name="test8" time="11.229"/>
  <testcase classname="webdriveruniversity.comTest.WebdriveruniversityTestCases" name="test9" time="54.404"/>
  <testcase classname="webdriveruniversity.comTest.WebdriveruniversityTestCases" name="test10" time="11.029"/>
  <testcase classname="webdriveruniversity.comTest.WebdriveruniversityTestCases" name="test11" time="19.431"/>
  <testcase classname="webdriveruniversity.comTest.WebdriveruniversityTestCases" name="test12" time="2.186"/>
  <testcase classname="webdriveruniversity.comTest.WebdriveruniversityTestCases" name="test13" time="7.938"/>
  <testcase classname="webdriveruniversity.comTest.WebdriveruniversityTestCases" name="test14" time="11.725"/>
</testsuite> <!-- Default test -->
